<?xml version="1.0" encoding="UTF-8"?>
<!-- Generated by org.testng.reporters.JUnitReportReporter -->
<testsuite hostname="DESKTOP-AGCT3BE" failures="0" tests="5" name="api.ApiTest" time="3.665" errors="0" timestamp="2025-06-29T13:39:07 IST" skipped="0">
  <testcase classname="api.ApiTest" name="getAuthenticatedUser" time="0.651"/>
  <testcase classname="api.ApiTest" name="createCartForUser" time="0.593"/>
  <testcase classname="api.ApiTest" name="updateProductInfo" time="0.593"/>
  <testcase classname="api.ApiTest" name="validateProductSchema" time="1.266"/>
  <testcase classname="api.ApiTest" name="loginWithInvalidCredentials" time="0.562"/>
</testsuite> <!-- api.ApiTest -->
