<?xml version="1.0" encoding="UTF-8"?>
<!-- Generated by org.testng.reporters.JUnitReportReporter -->
<testsuite hostname="DESKTOP-AGCT3BE" failures="0" tests="1" name="tests.UITest" time="11.797" errors="0" timestamp="2025-06-29T12:53:06 IST" skipped="0">
  <testcase classname="tests.UITest" name="completeFlowTest" time="11.797"/>
</testsuite> <!-- tests.UITest -->
